2007-05-02 22:59:39,571 - ************************************************************** 
2007-05-02 22:59:39,571 - Starting Jakarta Velocity v1.4
2007-05-02 22:59:39,571 - RuntimeInstance initializing.
2007-05-02 22:59:39,571 - Default Properties File: org\apache\velocity\runtime\defaults\velocity.properties
2007-05-02 22:59:39,571 - Trying to use logger class org.apache.velocity.runtime.log.AvalonLogSystem
2007-05-02 22:59:39,571 - Couldn't find class org.apache.velocity.runtime.log.AvalonLogSystem or necessary supporting classes in classpath. Exception : java.lang.NoClassDefFoundError: org/apache/log/format/Formatter
2007-05-02 22:59:39,571 - Trying to use logger class org.apache.velocity.runtime.log.SimpleLog4JLogSystem
2007-05-02 22:59:39,571 - Using logger class org.apache.velocity.runtime.log.SimpleLog4JLogSystem
2007-05-02 22:59:39,571 - Default ResourceManager initializing. (class org.apache.velocity.runtime.resource.ResourceManagerImpl)
2007-05-02 22:59:39,571 - Resource Loader Instantiated: org.apache.velocity.runtime.resource.loader.FileResourceLoader
2007-05-02 22:59:39,571 - FileResourceLoader : initialization starting.
2007-05-02 22:59:39,571 - FileResourceLoader : adding path 'E:\Dev\Apps\Maven\home\.maven\cache\maven-xdoc-plugin-1.10-SNAPSHOT\plugin-resources/templates'
2007-05-02 22:59:39,571 - FileResourceLoader : initialization complete.
2007-05-02 22:59:39,581 - ResourceCache : initialized. (class org.apache.velocity.runtime.resource.ResourceCacheImpl)
2007-05-02 22:59:39,581 - Default ResourceManager initialization complete.
2007-05-02 22:59:39,581 - Loaded System Directive: org.apache.velocity.runtime.directive.Literal
2007-05-02 22:59:39,581 - Loaded System Directive: org.apache.velocity.runtime.directive.Macro
2007-05-02 22:59:39,581 - Loaded System Directive: org.apache.velocity.runtime.directive.Parse
2007-05-02 22:59:39,581 - Loaded System Directive: org.apache.velocity.runtime.directive.Include
2007-05-02 22:59:39,581 - Loaded System Directive: org.apache.velocity.runtime.directive.Foreach
2007-05-02 22:59:39,581 - Created: 20 parsers.
2007-05-02 22:59:39,581 - Velocimacro : initialization starting.
2007-05-02 22:59:39,591 - Velocimacro : adding VMs from VM library template : VM_global_library.vm
2007-05-02 22:59:39,591 - ResourceManager : unable to find resource 'VM_global_library.vm' in any resource loader.
2007-05-02 22:59:39,591 - Velocimacro : error using  VM library template VM_global_library.vm : org.apache.velocity.exception.ResourceNotFoundException: Unable to find resource 'VM_global_library.vm'
2007-05-02 22:59:39,591 - Velocimacro :  VM library template macro registration complete.
2007-05-02 22:59:39,591 - Velocimacro : allowInline = true : VMs can be defined inline in templates
2007-05-02 22:59:39,591 - Velocimacro : allowInlineToOverride = false : VMs defined inline may NOT replace previous VM definitions
2007-05-02 22:59:39,591 - Velocimacro : allowInlineLocal = false : VMs defined inline will be  global in scope if allowed.
2007-05-02 22:59:39,591 - Velocimacro : messages on  : VM system will output logging messages
2007-05-02 22:59:39,591 - Velocimacro : autoload off  : VM system will not automatically reload global library macros
2007-05-02 22:59:39,591 - Velocimacro : initialization complete.
2007-05-02 22:59:39,591 - Velocity successfully started.
2007-05-02 22:59:39,591 - ResourceManager : found scm-usage.xml with loader org.apache.velocity.runtime.resource.loader.FileResourceLoader
2007-05-02 22:59:39,591 - ResourceManager : found scm/cvs.xml with loader org.apache.velocity.runtime.resource.loader.FileResourceLoader
2007-05-02 22:59:39,601 - ResourceManager : found index.xml with loader org.apache.velocity.runtime.resource.loader.FileResourceLoader
2007-05-02 22:59:39,601 - ResourceManager : found maven-reports.xml with loader org.apache.velocity.runtime.resource.loader.FileResourceLoader
2007-05-02 22:59:39,601 - ResourceManager : found dependencies.xml with loader org.apache.velocity.runtime.resource.loader.FileResourceLoader
2007-05-02 22:59:39,611 - ResourceManager : found issue-tracking.xml with loader org.apache.velocity.runtime.resource.loader.FileResourceLoader
2007-05-02 22:59:39,611 - Velocimacro : added new VM : #displayLink( label link ) : source = mail-lists.xml
2007-05-02 22:59:39,621 - ResourceManager : found mail-lists.xml with loader org.apache.velocity.runtime.resource.loader.FileResourceLoader
2007-05-02 22:59:39,621 - ResourceManager : found project-info.xml with loader org.apache.velocity.runtime.resource.loader.FileResourceLoader
2007-05-02 22:59:39,631 - ResourceManager : found team-list.xml with loader org.apache.velocity.runtime.resource.loader.FileResourceLoader
-SNAPSHOT\plugin-resources/templates'
2007-05-02 22:59:39,571 - FileResourceLoader : adding path 'E:\Dev\Apps\Maven\home\.maven\cache\maven-xdoc-plugin-1.10-SNAPSHOT\plugin-resources/templates'
2007-05-02 22:59:39,571 - FileResourceLoader : adding path 'E:\Dev\Apps\Maven\home\.maven\cache\maven-xdoc-plugin-1.10-SNAPSHOT\plugin-resources/templates'
2007-05-02 22:59:39,571 - FileResourceLoader : adding path 'E:\Dev\Apps\Maven\home\.maven\cache\maven-xdoc-plugin-1.10-SNAPSHOT\plugin-resources/templates'
2007-05-02 22:59:39,571 - FileResourceLoader : initialization complete.
2007-05-02 22:59:39,571 - FileResourceLoader : initialization complete.
2007-05-02 22:59:39,571 - FileResourceLoader : initialization complete.
2007-05-02 22:59:39,571 - FileResourceLoader : initialization complete.
2007-05-02 22:59:39,581 - ResourceCache : initialized. (class org.apache.velocity.runtime.resource.ResourceCacheImpl)
2007-05-02 22:59:39,581 - ResourceCache : initialized. (class org.apache.velocity.runtime.resource.ResourceCacheImpl)
2007-05-02 22:59:39,581 - ResourceCache : initialized. (class org.apache.velocity.runtime.resource.ResourceCacheImpl)
2007-05-02 22:59:39,581 - ResourceCache : initialized. (class org.apache.velocity.runtime.resource.ResourceCacheImpl)
2007-05-02 22:59:39,581 - Default ResourceManager initialization complete.
2007-05-02 22:59:39,581 - Default ResourceManager initialization complete.
2007-05-02 22:59:39,581 - Default ResourceManager initialization complete.
2007-05-02 22:59:39,581 - Default ResourceManager initialization complete.
2007-05-02 22:59:39,581 - Loaded System Directive: org.apache.velocity.runtime.directive.Literal
2007-05-02 22:59:39,581 - Loaded System Directive: org.apache.velocity.runtime.directive.Literal
2007-05-02 22:59:39,581 - Loaded System Directive: org.apache.velocity.runtime.directive.Literal
2007-05-02 22:59:39,581 - Loaded System Directive: org.apache.velocity.runtime.directive.Literal
2007-05-02 22:59:39,581 - Loaded System Directive: org.apache.velocity.runtime.directive.Macro
2007-05-02 22:59:39,581 - Loaded System Directive: org.apache.velocity.runtime.directive.Macro
2007-05-02 22:59:39,581 - Loaded System Directive: org.apache.velocity.runtime.directive.Macro
2007-05-02 22:59:39,581 - Loaded System Directive: org.apache.velocity.runtime.directive.Macro
2007-05-02 22:59:39,581 - Loaded System Directive: org.apache.velocity.runtime.directive.Parse
2007-05-02 22:59:39,581 - Loaded System Directive: org.apache.velocity.runtime.directive.Parse
2007-05-02 22:59:39,581 - Loaded System Directive: org.apache.velocity.runtime.directive.Parse
2007-05-02 22:59:39,581 - Loaded System Directive: org.apache.velocity.runtime.directive.Parse
2007-05-02 22:59:39,581 - Loaded System Directive: org.apache.velocity.runtime.directive.Include
2007-05-02 22:59:39,581 - Loaded System Directive: org.apache.velocity.runtime.directive.Include
2007-05-02 22:59:39,581 - Loaded System Directive: org.apache.velocity.runtime.directive.Include
2007-05-02 22:59:39,581 - Loaded System Directive: org.apache.velocity.runtime.directive.Include
2007-05-02 22:59:39,581 - Loaded System Directive: org.apache.velocity.runtime.directive.Foreach
2007-05-02 22:59:39,581 - Loaded System Directive: org.apache.velocity.runtime.directive.Foreach
2007-05-02 22:59:39,581 - Loaded System Directive: org.apache.velocity.runtime.directive.Foreach
2007-05-02 22:59:39,581 - Loaded System Directive: org.apache.velocity.runtime.directive.Foreach
2007-05-02 22:59:39,581 - Created: 20 parsers.
2007-05-02 22:59:39,581 - Created: 20 parsers.
2007-05-02 22:59:39,581 - Created: 20 parsers.
2007-05-02 22:59:39,581 - Created: 20 parsers.
2007-05-02 22:59:39,581 - Velocimacro : initialization starting.
2007-05-02 22:59:39,581 - Velocimacro : initialization starting.
2007-05-02 22:59:39,581 - Velocimacro : initialization starting.
2007-05-02 22:59:39,581 - Velocimacro : initialization starting.
2007-05-02 22:59:39,591 - Velocimacro : adding VMs from VM library template : VM_global_library.vm
2007-05-02 22:59:39,591 - Velocimacro : adding VMs from VM library template : VM_global_library.vm
2007-05-02 22:59:39,591 - Velocimacro : adding VMs from VM library template : VM_global_library.vm
2007-05-02 22:59:39,591 - Velocimacro : adding VMs from VM library template : VM_global_library.vm
2007-05-02 22:59:39,591 - ResourceManager : unable to find resource 'VM_global_library.vm' in any resource loader.
2007-05-02 22:59:39,591 - ResourceManager : unable to find resource 'VM_global_library.vm' in any resource loader.
2007-05-02 22:59:39,591 - ResourceManager : unable to find resource 'VM_global_library.vm' in any resource loader.
2007-05-02 22:59:39,591 - ResourceManager : unable to find resource 'VM_global_library.vm' in any resource loader.
2007-05-02 22:59:39,591 - Velocimacro : error using  VM library template VM_global_library.vm : org.apache.velocity.exception.ResourceNotFoundException: Unable to find resource 'VM_global_library.vm'
2007-05-02 22:59:39,591 - Velocimacro : error using  VM library template VM_global_library.vm : org.apache.velocity.exception.ResourceNotFoundException: Unable to find resource 'VM_global_library.vm'
2007-05-02 22:59:39,591 - Velocimacro : error using  VM library template VM_global_library.vm : org.apache.velocity.exception.ResourceNotFoundException: Unable to find resource 'VM_global_library.vm'
2007-05-02 22:59:39,591 - Velocimacro : error using  VM library template VM_global_library.vm : org.apache.velocity.exception.ResourceNotFoundException: Unable to find resource 'VM_global_library.vm'
2007-05-02 22:59:39,591 - Velocimacro :  VM library template macro registration complete.
2007-05-02 22:59:39,591 - Velocimacro :  VM library template macro registration complete.
2007-05-02 22:59:39,591 - Velocimacro :  VM library template macro registration complete.
2007-05-02 22:59:39,591 - Velocimacro :  VM library template macro registration complete.
2007-05-02 22:59:39,591 - Velocimacro : allowInline = true : VMs can be defined inline in templates
2007-05-02 22:59:39,591 - Velocimacro : allowInline = true : VMs can be defined inline in templates
2007-05-02 22:59:39,591 - Velocimacro : allowInline = true : VMs can be defined inline in templates
2007-05-02 22:59:39,591 - Velocimacro : allowInline = true : VMs can be defined inline in templates
2007-05-02 22:59:39,591 - Velocimacro : allowInlineToOverride = false : VMs defined inline may NOT replace previous VM definitions
2007-05-02 22:59:39,591 - Velocimacro : allowInlineToOverride = false : VMs defined inline may NOT replace previous VM definitions
2007-05-02 22:59:39,591 - Velocimacro : allowInlineToOverride = false : VMs defined inline may NOT replace previous VM definitions
2007-05-02 22:59:39,591 - Velocimacro : allowInlineToOverride = false : VMs defined inline may NOT replace previous VM definitions
2007-05-02 22:59:39,591 - Velocimacro : allowInlineLocal = false : VMs defined inline will be  global in scope if allowed.
2007-05-02 22:59:39,591 - Velocimacro : allowInlineLocal = false : VMs defined inline will be  global in scope if allowed.
2007-05-02 22:59:39,591 - Velocimacro : allowInlineLocal = false : VMs defined inline will be  global in scope if allowed.
2007-05-02 22:59:39,591 - Velocimacro : allowInlineLocal = false : VMs defined inline will be  global in scope if allowed.
2007-05-02 22:59:39,591 - Velocimacro : messages on  : VM system will output logging messages
2007-05-02 22:59:39,591 - Velocimacro : messages on  : VM system will output logging messages
2007-05-02 22:59:39,591 - Velocimacro : messages on  : VM system will output logging messages
2007-05-02 22:59:39,591 - Velocimacro : messages on  : VM system will output logging messages
2007-05-02 22:59:39,591 - Velocimacro : autoload off  : VM system will not automatically reload global library macros
2007-05-02 22:59:39,591 - Velocimacro : autoload off  : VM system will not automatically reload global library macros
2007-05-02 22:59:39,591 - Velocimacro : autoload off  : VM system will not automatically reload global library macros
2007-05-02 22:59:39,591 - Velocimacro : autoload off  : VM system will not automatically reload global library macros
2007-05-02 22:59:39,591 - Velocimacro : initialization complete.
2007-05-02 22:59:39,591 - Velocimacro : initialization complete.
2007-05-02 22:59:39,591 - Velocimacro : initialization complete.
2007-05-02 22:59:39,591 - Velocimacro : initialization complete.
2007-05-02 22:59:39,591 - Velocity successfully started.
2007-05-02 22:59:39,591 - Velocity successfully started.
2007-05-02 22:59:39,591 - Velocity successfully started.
2007-05-02 22:59:39,591 - Velocity successfully started.
2007-05-02 22:59:39,591 - ResourceManager : found scm-usage.xml with loader org.apache.velocity.runtime.resource.loader.FileResourceLoader
2007-05-02 22:59:39,591 - ResourceManager : found scm-usage.xml with loader org.apache.velocity.runtime.resource.loader.FileResourceLoader
2007-05-02 22:59:39,591 - ResourceManager : found scm-usage.xml with loader org.apache.velocity.runtime.resource.loader.FileResourceLoader
2007-05-02 22:59:39,591 - ResourceManager : found scm-usage.xml with loader org.apache.velocity.runtime.resource.loader.FileResourceLoader
2007-05-02 22:59:39,591 - ResourceManager : found scm/cvs.xml with loader org.apache.velocity.runtime.resource.loader.FileResourceLoader
2007-05-02 22:59:39,591 - ResourceManager : found scm/cvs.xml with loader org.apache.velocity.runtime.resource.loader.FileResourceLoader
2007-05-02 22:59:39,591 - ResourceManager : found scm/cvs.xml with loader org.apache.velocity.runtime.resource.loader.FileResourceLoader
2007-05-02 22:59:39,591 - ResourceManager : found scm/cvs.xml with loader org.apache.velocity.runtime.resource.loader.FileResourceLoader
2007-05-02 22:59:39,601 - ResourceManager : found index.xml with loader org.apache.velocity.runtime.resource.loader.FileResourceLoader
2007-05-02 22:59:39,601 - ResourceManager : found index.xml with loader org.apache.velocity.runtime.resource.loader.FileResourceLoader
2007-05-02 22:59:39,601 - ResourceManager : found index.xml with loader org.apache.velocity.runtime.resource.loader.FileResourceLoader
2007-05-02 22:59:39,601 - ResourceManager : found index.xml with loader org.apache.velocity.runtime.resource.loader.FileResourceLoader
2007-05-02 22:59:39,601 - ResourceManager : found maven-reports.xml with loader org.apache.velocity.runtime.resource.loader.FileResourceLoader
2007-05-02 22:59:39,601 - ResourceManager : found maven-reports.xml with loader org.apache.velocity.runtime.resource.loader.FileResourceLoader
2007-05-02 22:59:39,601 - ResourceManager : found maven-reports.xml with loader org.apache.velocity.runtime.resource.loader.FileResourceLoader
2007-05-02 22:59:39,601 - ResourceManager : found maven-reports.xml with loader org.apache.velocity.runtime.resource.loader.FileResourceLoader
2007-05-02 22:59:39,601 - ResourceManager : found dependencies.xml with loader org.apache.velocity.runtime.resource.loader.FileResourceLoader
2007-05-02 22:59:39,601 - ResourceManager : found dependencies.xml with loader org.apache.velocity.runtime.resource.loader.FileResourceLoader
2007-05-02 22:59:39,601 - ResourceManager : found dependencies.xml with loader org.apache.velocity.runtime.resource.loader.FileResourceLoader
2007-05-02 22:59:39,601 - ResourceManager : found dependencies.xml with loader org.apache.velocity.runtime.resource.loader.FileResourceLoader
2007-05-02 22:59:39,611 - ResourceManager : found issue-tracking.xml with loader org.apache.velocity.runtime.resource.loader.FileResourceLoader
2007-05-02 22:59:39,611 - ResourceManager : found issue-tracking.xml with loader org.apache.velocity.runtime.resource.loader.FileResourceLoader
2007-05-02 22:59:39,611 - ResourceManager : found issue-tracking.xml with loader org.apache.velocity.runtime.resource.loader.FileResourceLoader
2007-05-02 22:59:39,611 - ResourceManager : found issue-tracking.xml with loader org.apache.velocity.runtime.resource.loader.FileResourceLoader
2007-05-02 22:59:39,611 - Velocimacro : added new VM : #displayLink( label link ) : source = mail-lists.xml
2007-05-02 22:59:39,611 - Velocimacro : added new VM : #displayLink( label link ) : source = mail-lists.xml
2007-05-02 22:59:39,611 - Velocimacro : added new VM : #displayLink( label link ) : source = mail-lists.xml
2007-05-02 22:59:39,611 - Velocimacro : added new VM : #displayLink( label link ) : source = mail-lists.xml
2007-05-02 22:59:39,621 - ResourceManager : found mail-lists.xml with loader org.apache.velocity.runtime.resource.loader.FileResourceLoader
2007-05-02 22:59:39,621 - ResourceManager : found mail-lists.xml with loader org.apache.velocity.runtime.resource.loader.FileResourceLoader
2007-05-02 22:59:39,621 - ResourceManager : found mail-lists.xml with loader org.apache.velocity.runtime.resource.loader.FileResourceLoader
2007-05-02 22:59:39,621 - ResourceManager : found mail-lists.xml with loader org.apache.velocity.runtime.resource.loader.FileResourceLoader
2007-05-02 22:59:39,621 - ResourceManager : found project-info.xml with loader org.apache.velocity.runtime.resource.loader.FileResourceLoader
2007-05-02 22:59:39,621 - ResourceManager : found project-info.xml with loader org.apache.velocity.runtime.resource.loader.FileResourceLoader
2007-05-02 22:59:39,621 - ResourceManager : found project-info.xml with loader org.apache.velocity.runtime.resource.loader.FileResourceLoader
2007-05-02 22:59:39,621 - ResourceManager : found project-info.xml with loader org.apache.velocity.runtime.resource.loader.FileResourceLoader
2007-05-02 22:59:39,631 - ResourceManager : found team-list.xml with loader org.apache.velocity.runtime.resource.loader.FileResourceLoader
2007-05-02 22:59:39,631 - ResourceManager : found team-list.xml with loader org.apache.velocity.runtime.resource.loader.FileResourceLoader
2007-05-02 22:59:39,631 - ResourceManager : found team-list.xml with loader org.apache.velocity.runtime.resource.loader.FileResourceLoader
2007-05-02 22:59:39,631 - ResourceManager : found team-list.xml with loader org.apache.velocity.runtime.resource.loader.FileResourceLoader
